[    0.000000] Linux version 4.15.0-212-generic (buildd@lcy02-amd64-083) (gcc version 7.5.0 (Ubuntu 7.5.0-3ubuntu1~18.04)) #223-Ubuntu SMP Tue May 23 13:09:22 UTC 2023 (Ubuntu 4.15.0-212.223-generic 4.15.18)
[    0.000000] Command line: BOOT_IMAGE=/boot/vmlinuz-4.15.0-212-generic root=LABEL=cloudimg-rootfs ro console=tty1 console=ttyS0
[    0.000000] KERNEL supported cpus:
[    0.000000]   Intel GenuineIntel
[    0.000000]   AMD AuthenticAMD
[    0.000000]   Centaur CentaurHauls
[    0.000000] x86/fpu: x87 FPU will use FXSAVE
[    0.000000] e820: BIOS-provided physical RAM map:
[    0.000000] BIOS-e820: [mem 0x0000000000000000-0x000000000009fbff] usable
[    0.000000] BIOS-e820: [mem 0x000000000009fc00-0x000000000009ffff] reserved
[    0.000000] BIOS-e820: [mem 0x00000000000f0000-0x00000000000fffff] reserved
[    0.000000] BIOS-e820: [mem 0x0000000000100000-0x000000000ffeffff] usable
[    0.000000] BIOS-e820: [mem 0x000000000fff0000-0x000000000fffffff] ACPI data
[    0.000000] BIOS-e820: [mem 0x00000000fec00000-0x00000000fec00fff] reserved
[    0.000000] BIOS-e820: [mem 0x00000000fee00000-0x00000000fee00fff] reserved
[    0.000000] BIOS-e820: [mem 0x00000000fffc0000-0x00000000ffffffff] reserved
[    0.000000] NX (Execute Disable) protection: active
[    0.000000] SMBIOS 2.5 present.
[    0.000000] DMI: innotek GmbH VirtualBox/VirtualBox, BIOS VirtualBox 12/01/2006
[    0.000000] Hypervisor detected: KVM
[    0.000000] e820: last_pfn = 0xfff0 max_arch_pfn = 0x400000000
[    0.000000] MTRR: Disabled
[    0.000000] x86/PAT: MTRRs disabled, skipping PAT initialization too.
[    0.000000] CPU MTRRs all blank - virtualized system.
[    0.000000] x86/PAT: Configuration [0-7]: WB  WT  UC- UC  WB  WT  UC- UC  
[    0.000000] found SMP MP-table at [mem 0x0009fff0-0x0009ffff]
[    0.000000] Scanning 1 areas for low memory corruption
[    0.000000] RAMDISK: [mem 0x0db01000-0x0ee12fff]
[    0.000000] ACPI: Early table checksum verification disabled
[    0.000000] ACPI: RSDP 0x00000000000E0000 000024 (v02 VBOX  )
[    0.000000] ACPI: XSDT 0x000000000FFF0030 00003C (v01 VBOX   VBOXXSDT 00000001 ASL  00000061)
[    0.000000] ACPI: FACP 0x000000000FFF00F0 0000F4 (v04 VBOX   VBOXFACP 00000001 ASL  00000061)
[    0.000000] ACPI: DSDT 0x000000000FFF0610 002353 (v02 VBOX   VBOXBIOS 00000002 INTL 20100528)
[    0.000000] ACPI: FACS 0x000000000FFF0200 000040
[    0.000000] ACPI: FACS 0x000000000FFF0200 000040
[    0.000000] ACPI: APIC 0x000000000FFF0240 000054 (v02 VBOX   VBOXAPIC 00000001 ASL  00000061)
[    0.000000] ACPI: SSDT 0x000000000FFF02A0 00036C (v01 VBOX   VBOXCPUT 00000002 INTL 20100528)
[    0.000000] ACPI: Reserving FACP table memory at [mem 0xfff00f0-0xfff01e3]
[    0.000000] ACPI: Reserving DSDT table memory at [mem 0xfff0610-0xfff2962]
[    0.000000] ACPI: Reserving FACS table memory at [mem 0xfff0200-0xfff023f]
[    0.000000] ACPI: Reserving FACS table memory at [mem 0xfff0200-0xfff023f]
[    0.000000] ACPI: Reserving APIC table memory at [mem 0xfff0240-0xfff0293]
[    0.000000] ACPI: Reserving SSDT table memory at [mem 0xfff02a0-0xfff060b]
[    0.000000] No NUMA configuration found
[    0.000000] Faking a node at [mem 0x0000000000000000-0x000000000ffeffff]
[    0.000000] NODE_DATA(0) allocated [mem 0x0ffc5000-0x0ffeffff]
[    0.000000] kvm-clock: cpu 0, msr 0:ff44001, primary cpu clock
[    0.000000] kvm-clock: Using msrs 4b564d01 and 4b564d00
[    0.000000] kvm-clock: using sched offset of 3559942210 cycles
[    0.000000] clocksource: kvm-clock: mask: 0xffffffffffffffff max_cycles: 0x1cd42e4dffb, max_idle_ns: 881590591483 ns
[    0.000000] Zone ranges:
[    0.000000]   DMA      [mem 0x0000000000001000-0x0000000000ffffff]
[    0.000000]   DMA32    [mem 0x0000000001000000-0x000000000ffeffff]
[    0.000000]   Normal   empty
[    0.000000]   Device   empty
[    0.000000] Movable zone start for each node
[    0.000000] Early memory node ranges
[    0.000000]   node   0: [mem 0x0000000000001000-0x000000000009efff]
[    0.000000]   node   0: [mem 0x0000000000100000-0x000000000ffeffff]
[    0.000000] Reserved but unavailable: 104 pages
[    0.000000] Initmem setup node 0 [mem 0x0000000000001000-0x000000000ffeffff]
[    0.000000] ACPI: PM-Timer IO Port: 0x4008
[    0.000000] IOAPIC[0]: apic_id 1, version 32, address 0xfec00000, GSI 0-23
[    0.000000] ACPI: INT_SRC_OVR (bus 0 bus_irq 0 global_irq 2 dfl dfl)
[    0.000000] ACPI: INT_SRC_OVR (bus 0 bus_irq 9 global_irq 9 low level)
[    0.000000] Using ACPI (MADT) for SMP configuration information
[    0.000000] smpboot: Allowing 1 CPUs, 0 hotplug CPUs
[    0.000000] PM: Registered nosave memory: [mem 0x00000000-0x00000fff]
[    0.000000] PM: Registered nosave memory: [mem 0x0009f000-0x0009ffff]
[    0.000000] PM: Registered nosave memory: [mem 0x000a0000-0x000effff]
[    0.000000] PM: Registered nosave memory: [mem 0x000f0000-0x000fffff]
[    0.000000] e820: [mem 0x10000000-0xfebfffff] available for PCI devices
[    0.000000] Booting paravirtualized kernel on KVM
[    0.000000] clocksource: refined-jiffies: mask: 0xffffffff max_cycles: 0xffffffff, max_idle_ns: 7645519600211568 ns
[    0.000000] setup_percpu: NR_CPUS:8192 nr_cpumask_bits:1 nr_cpu_ids:1 nr_node_ids:1
[    0.000000] percpu: Embedded 50 pages/cpu s167936 r8192 d28672 u2097152
[    0.000000] PV qspinlock hash table entries: 256 (order: 0, 4096 bytes)
[    0.000000] Built 1 zonelists, mobility grouping on.  Total pages: 64377
[    0.000000] Policy zone: DMA32
[    0.000000] Kernel command line: BOOT_IMAGE=/boot/vmlinuz-4.15.0-212-generic root=LABEL=cloudimg-rootfs ro console=tty1 console=ttyS0
[    0.000000] Memory: 208700K/261688K available (12300K kernel code, 2477K rwdata, 4324K rodata, 2480K init, 2720K bss, 52988K reserved, 0K cma-reserved)
[    0.000000] SLUB: HWalign=64, Order=0-3, MinObjects=0, CPUs=1, Nodes=1
[    0.000000] ftrace: allocating 39508 entries in 155 pages
[    0.004000] Hierarchical RCU implementation.
[    0.004000] 	RCU restricting CPUs from NR_CPUS=8192 to nr_cpu_ids=1.
[    0.004000] 	Tasks RCU enabled.
[    0.004000] RCU: Adjusting geometry for rcu_fanout_leaf=16, nr_cpu_ids=1
[    0.004000] NR_IRQS: 524544, nr_irqs: 256, preallocated irqs: 16
[    0.004000] random: crng init done
[    0.004000] Console: colour VGA+ 80x25
[    0.004000] console [tty1] enabled
[    0.004000] console [ttyS0] enabled
[    0.004000] ACPI: Core revision 20170831
[    0.004000] ACPI: 2 ACPI AML tables successfully acquired and loaded
[    0.004000] APIC: Switch to symmetric I/O mode setup
[    0.008000] ..TIMER: vector=0x30 apic1=0 pin1=2 apic2=-1 pin2=-1
[    0.008004] tsc: Detected 2903.996 MHz processor
[    0.012008] Calibrating delay loop (skipped) preset value.. 5807.99 BogoMIPS (lpj=11615984)
[    0.016002] pid_max: default: 32768 minimum: 301
[    0.020026] Security Framework initialized
[    0.024003] Yama: becoming mindful.
[    0.026680] AppArmor: AppArmor initialized
[    0.028050] Dentry cache hash table entries: 32768 (order: 6, 262144 bytes)
[    0.032018] Inode-cache hash table entries: 16384 (order: 5, 131072 bytes)
[    0.036010] Mount-cache hash table entries: 512 (order: 0, 4096 bytes)
[    0.040004] Mountpoint-cache hash table entries: 512 (order: 0, 4096 bytes)
[    0.048850] Last level iTLB entries: 4KB 64, 2MB 8, 4MB 8
[    0.052002] Last level dTLB entries: 4KB 64, 2MB 0, 4MB 0, 1GB 4
[    0.056003] Spectre V1 : Mitigation: usercopy/swapgs barriers and __user pointer sanitization
[    0.060002] Spectre V2 : Mitigation: Enhanced IBRS
[    0.064002] Spectre V2 : Spectre v2 / SpectreRSB mitigation: Filling RSB on context switch
[    0.068002] Spectre V2 : Spectre v2 / PBRSB-eIBRS: Retire a single CALL on VMEXIT
[    0.072002] RETBleed: Mitigation: Enhanced IBRS
[    0.076002] Speculative Store Bypass: Vulnerable
[    0.080045] MMIO Stale Data: Vulnerable: Clear CPU buffers attempted, no microcode
[    0.084002] SRBDS: Unknown: Dependent on hypervisor status
[    0.096000] Freeing SMP alternatives memory: 36K
[    0.204316] smpboot: CPU0: Intel(R) Core(TM) i5-10400F CPU @ 2.90GHz (family: 0x6, model: 0xa5, stepping: 0x3)
[    0.208060] Performance Events: unsupported p6 CPU model 165 no PMU driver, software events only.
[    0.212031] Hierarchical SRCU implementation.
[    0.216425] NMI watchdog: Perf event create on CPU 0 failed with -2
[    0.220002] NMI watchdog: Perf NMI watchdog permanently disabled
[    0.224027] smp: Bringing up secondary CPUs ...
[    0.228002] smp: Brought up 1 node, 1 CPU
[    0.232002] smpboot: Max logical packages: 1
[    0.236003] smpboot: Total of 1 processors activated (5807.99 BogoMIPS)
[    0.240076] devtmpfs: initialized
[    0.244040] x86/mm: Memory block size: 128MB
[    0.247107] evm: security.selinux
[    0.248065] evm: security.SMACK64
[    0.252002] evm: security.SMACK64EXEC
[    0.254667] evm: security.SMACK64TRANSMUTE
[    0.256002] evm: security.SMACK64MMAP
[    0.260002] evm: security.apparmor
[    0.262498] evm: security.ima
[    0.264003] evm: security.capability
[    0.268132] clocksource: jiffies: mask: 0xffffffff max_cycles: 0xffffffff, max_idle_ns: 7645041785100000 ns
[    0.272031] futex hash table entries: 256 (order: 2, 16384 bytes)
[    0.276054] pinctrl core: initialized pinctrl subsystem
[    0.280182] RTC time: 17:17:55, date: 10/08/23
[    0.283356] NET: Registered protocol family 16
[    0.284064] audit: initializing netlink subsys (disabled)
[    0.288124] cpuidle: using governor ladder
[    0.292007] audit: type=2000 audit(1696785479.831:1): state=initialized audit_enabled=0 res=1
[    0.296008] cpuidle: using governor menu
[    0.300048] ACPI: bus type PCI registered
[    0.304003] acpiphp: ACPI Hot Plug PCI Controller Driver version: 0.5
[    0.308248] PCI: Using configuration type 1 for base access
[    0.312881] HugeTLB registered 2.00 MiB page size, pre-allocated 0 pages
[    0.316142] ACPI: Added _OSI(Module Device)
[    0.320006] ACPI: Added _OSI(Processor Device)
[    0.324003] ACPI: Added _OSI(3.0 _SCP Extensions)
[    0.328003] ACPI: Added _OSI(Processor Aggregator Device)
[    0.332012] ACPI: Added _OSI(Linux-Dell-Video)
[    0.335134] ACPI: Added _OSI(Linux-Lenovo-NV-HDMI-Audio)
[    0.340015] ACPI: Added _OSI(Linux-HPI-Hybrid-Graphics)
[    0.344161] ACPI: Executed 1 blocks of module-level executable AML code
[    0.352922] ACPI: Interpreter enabled
[    0.355588] ACPI: (supports S0 S5)
[    0.356003] ACPI: Using IOAPIC for interrupt routing
[    0.360355] PCI: Using host bridge windows from ACPI; if necessary, use "pci=nocrs" and report a bug
[    0.364210] ACPI: Enabled 2 GPEs in block 00 to 07
[    0.376524] ACPI: PCI Root Bridge [PCI0] (domain 0000 [bus 00-ff])
[    0.380006] acpi PNP0A03:00: _OSC: OS supports [ASPM ClockPM Segments MSI]
[    0.384681] acpi PNP0A03:00: _OSC: not requesting OS control; OS requires [ExtendedConfig ASPM ClockPM MSI]
[    0.388011] acpi PNP0A03:00: fail to add MMCONFIG information, can't access extended PCI configuration space under this bridge.
[    0.392621] PCI host bridge to bus 0000:00
[    0.396003] pci_bus 0000:00: root bus resource [io  0x0000-0x0cf7 window]
[    0.400003] pci_bus 0000:00: root bus resource [io  0x0d00-0xffff window]
[    0.404014] pci_bus 0000:00: root bus resource [mem 0x000a0000-0x000bffff window]
[    0.408019] pci_bus 0000:00: root bus resource [mem 0x10000000-0xfdffffff window]
[    0.412012] pci_bus 0000:00: root bus resource [bus 00-ff]
[    0.422792] pci 0000:00:01.1: legacy IDE quirk: reg 0x10: [io  0x01f0-0x01f7]
[    0.428006] pci 0000:00:01.1: legacy IDE quirk: reg 0x14: [io  0x03f6]
[    0.432003] pci 0000:00:01.1: legacy IDE quirk: reg 0x18: [io  0x0170-0x0177]
[    0.436008] pci 0000:00:01.1: legacy IDE quirk: reg 0x1c: [io  0x0376]
[    0.460626] pci 0000:00:07.0: quirk: [io  0x4000-0x403f] claimed by PIIX4 ACPI
[    0.464033] pci 0000:00:07.0: quirk: [io  0x4100-0x410f] claimed by PIIX4 SMB
[    0.479944] ACPI: PCI Interrupt Link [LNKA] (IRQs 5 9 10 *11)
[    0.480505] ACPI: PCI Interrupt Link [LNKB] (IRQs 5 9 *10 11)
[    0.484189] ACPI: PCI Interrupt Link [LNKC] (IRQs 5 *9 10 11)
[    0.488187] ACPI: PCI Interrupt Link [LNKD] (IRQs 5 9 10 *11)
[    0.492336] SCSI subsystem initialized
[    0.496101] pci 0000:00:02.0: vgaarb: setting as boot VGA device
[    0.500000] pci 0000:00:02.0: vgaarb: VGA device added: decodes=io+mem,owns=io+mem,locks=none
[    0.500006] pci 0000:00:02.0: vgaarb: bridge control possible
[    0.504003] vgaarb: loaded
[    0.508064] ACPI: bus type USB registered
[    0.512033] usbcore: registered new interface driver usbfs
[    0.516013] usbcore: registered new interface driver hub
[    0.520014] usbcore: registered new device driver usb
[    0.524058] EDAC MC: Ver: 3.0.0
[    0.526996] PCI: Using ACPI for IRQ routing
[    0.532175] NetLabel: Initializing
[    0.534695] NetLabel:  domain hash size = 128
[    0.536002] NetLabel:  protocols = UNLABELED CIPSOv4 CALIPSO
[    0.540017] NetLabel:  unlabeled traffic allowed by default
[    0.544129] clocksource: Switched to clocksource kvm-clock
[    0.570714] VFS: Disk quotas dquot_6.6.0
[    0.574530] VFS: Dquot-cache hash table entries: 512 (order 0, 4096 bytes)
[    0.580356] AppArmor: AppArmor Filesystem Enabled
[    0.583943] pnp: PnP ACPI init
[    0.587882] pnp: PnP ACPI: found 3 devices
[    0.597734] clocksource: acpi_pm: mask: 0xffffff max_cycles: 0xffffff, max_idle_ns: 2085701024 ns
[    0.604424] NET: Registered protocol family 2
[    0.608056] IP idents hash table entries: 4096 (order: 3, 32768 bytes)
[    0.613330] TCP established hash table entries: 2048 (order: 2, 16384 bytes)
[    0.618551] TCP bind hash table entries: 2048 (order: 3, 32768 bytes)
[    0.623739] TCP: Hash tables configured (established 2048 bind 2048)
[    0.628927] UDP hash table entries: 256 (order: 1, 8192 bytes)
[    0.633227] UDP-Lite hash table entries: 256 (order: 1, 8192 bytes)
[    0.637802] NET: Registered protocol family 1
[    0.641368] pci 0000:00:00.0: Limiting direct PCI/PCI transfers
[    0.646102] pci 0000:00:01.0: Activating ISA DMA hang workarounds
[    0.650661] pci 0000:00:02.0: Video device with shadowed ROM at [mem 0x000c0000-0x000dffff]
[    0.656999] Unpacking initramfs...
[    1.077267] Freeing initrd memory: 19528K
[    1.085084] clocksource: tsc: mask: 0xffffffffffffffff max_cycles: 0x29dc020bb13, max_idle_ns: 440795273180 ns
[    1.092328] platform rtc_cmos: registered platform RTC device (no PNP device found)
[    1.097969] Scanning for low memory corruption every 60 seconds
[    1.102742] Initialise system trusted keyrings
[    1.106342] Key type blacklist registered
[    1.109452] workingset: timestamp_bits=36 max_order=16 bucket_order=0
[    1.116071] zbud: loaded
[    1.118862] squashfs: version 4.0 (2009/01/31) Phillip Lougher
[    1.123372] fuse init (API version 7.26)
[    1.128482] Key type asymmetric registered
[    1.131624] Asymmetric key parser 'x509' registered
[    1.135310] Block layer SCSI generic (bsg) driver version 0.4 loaded (major 246)
[    1.140706] io scheduler noop registered
[    1.143747] io scheduler deadline registered
[    1.147082] io scheduler cfq registered (default)
[    1.151059] ACPI: AC Adapter [AC] (on-line)
[    1.154278] input: Power Button as /devices/LNXSYSTM:00/LNXPWRBN:00/input/input0
[    1.159623] ACPI: Power Button [PWRF]
[    1.162569] input: Sleep Button as /devices/LNXSYSTM:00/LNXSLPBN:00/input/input1
[    1.168030] ACPI: Sleep Button [SLPF]
[    1.171521] Serial: 8250/16550 driver, 32 ports, IRQ sharing enabled
[    1.204708] 00:02: ttyS0 at I/O 0x3f8 (irq = 4, base_baud = 115200) is a 16550A
[    1.213981] Linux agpgart interface v0.103
[    1.220503] loop: module loaded
[    1.224277] scsi host0: ata_piix
[    1.226785] scsi host1: ata_piix
[    1.229345] ata1: PATA max UDMA/33 cmd 0x1f0 ctl 0x3f6 bmdma 0xd000 irq 14
[    1.234400] ata2: PATA max UDMA/33 cmd 0x170 ctl 0x376 bmdma 0xd008 irq 15
[    1.240952] tun: Universal TUN/TAP device driver, 1.6
[    1.244739] PPP generic driver version 2.4.2
[    1.247821] ehci_hcd: USB 2.0 'Enhanced' Host Controller (EHCI) Driver
[    1.252511] ehci-pci: EHCI PCI platform driver
[    1.255886] ehci-platform: EHCI generic platform driver
[    1.259780] ohci_hcd: USB 1.1 'Open' Host Controller (OHCI) Driver
[    1.264362] ohci-pci: OHCI PCI platform driver
[    1.267525] ohci-platform: OHCI generic platform driver
[    1.271359] uhci_hcd: USB Universal Host Controller Interface driver
[    1.276253] i8042: PNP: PS/2 Controller [PNP0303:PS2K,PNP0f03:PS2M] at 0x60,0x64 irq 1,12
[    1.284766] serio: i8042 KBD port at 0x60,0x64 irq 1
[    1.288485] serio: i8042 AUX port at 0x60,0x64 irq 12
[    1.292194] mousedev: PS/2 mouse device common for all mice
[    1.297857] input: AT Translated Set 2 keyboard as /devices/platform/i8042/serio0/input/input2
[    1.305098] rtc_cmos rtc_cmos: rtc core: registered rtc_cmos as rtc0
[    1.310788] rtc_cmos rtc_cmos: alarms up to one day, 114 bytes nvram
[    1.315629] i2c /dev entries driver
[    1.318406] device-mapper: uevent: version 1.0.3
[    1.321895] device-mapper: ioctl: 4.37.0-ioctl (2017-09-20) initialised: dm-devel@redhat.com
[    1.328008] ledtrig-cpu: registered to indicate activity on CPUs
[    1.332829] NET: Registered protocol family 10
[    1.339907] Segment Routing with IPv6
[    1.342860] NET: Registered protocol family 17
[    1.346748] Key type dns_resolver registered
[    1.350186] mce: Using 0 MCE banks
[    1.353144] RAS: Correctable Errors collector initialized.
[    1.357606] sched_clock: Marking stable (1357548756, 0)->(1910283861, -552735105)
[    1.363455] registered taskstats version 1
[    1.366932] Loading compiled-in X.509 certificates
[    1.372725] Loaded X.509 cert 'Build time autogenerated kernel key: b5b26778eaa3ab3a4a6cee031137706e947d12ad'
[    1.380647] Loaded X.509 cert 'Canonical Ltd. Live Patch Signing: 14df34d1a87cf37625abec039ef2bf521249b969'
[    1.387915] Loaded X.509 cert 'Canonical Ltd. Kernel Module Signing: 88f752e560a1e0737e31163a466ad7b70a850c19'
[    1.395049] blacklist: Loading compiled-in revocation X.509 certificates
[    1.399863] Loaded X.509 cert 'Canonical Ltd. Secure Boot Signing: 61482aa2830d0ab2ad5af10b7250da9033ddcef0'
[    1.455836] Loaded X.509 cert 'Canonical Ltd. Secure Boot Signing (2017): 242ade75ac4a15e50d50c84b0d45ff3eae707a03'
[    1.463750] Loaded X.509 cert 'Canonical Ltd. Secure Boot Signing (ESM 2018): 365188c1d374d6b07c3c8f240f8ef722433d6a8b'
[    1.471542] Loaded X.509 cert 'Canonical Ltd. Secure Boot Signing (2019): c0746fd6c5da3ae827864651ad66ae47fe24b3e8'
[    1.478958] Loaded X.509 cert 'Canonical Ltd. Secure Boot Signing (2021 v1): a8d54bbb3825cfb94fa13c9f8a594a195c107b8d'
[    1.486713] Loaded X.509 cert 'Canonical Ltd. Secure Boot Signing (2021 v2): 4cf046892d6fd3c9a5b03f98d845f90851dc6a8c'
[    1.494182] Loaded X.509 cert 'Canonical Ltd. Secure Boot Signing (2021 v3): 100437bb6de6e469b581e61cd66bce3ef4ed53af'
[    1.501660] Loaded X.509 cert 'Canonical Ltd. Secure Boot Signing (Ubuntu Core 2019): c1d57b8f6b743f23ee41f4f7ee292f06eecadfb9'
[    1.509943] zswap: loaded using pool lzo/zbud
[    1.516858] Key type big_key registered
[    1.520139] Key type trusted registered
[    1.524683] Key type encrypted registered
[    1.527773] AppArmor: AppArmor sha1 policy hashing enabled
[    1.531814] ima: No TPM chip found, activating TPM-bypass! (rc=-19)
[    1.536363] ima: Allocated hash algorithm: sha1
[    1.539619] evm: HMAC attrs: 0x1
[    1.542728]   Magic number: 11:149:289
[    1.545864] tty tty22: hash matches
[    1.548991] rtc_cmos rtc_cmos: setting system clock to 2023-10-08 17:17:56 UTC (1696785476)
[    1.554929] BIOS EDD facility v0.16 2004-Jun-25, 0 devices found
[    1.559270] EDD information not available.
[    1.565137] Freeing unused kernel image memory: 2480K
[    1.576128] Write protecting the kernel read-only data: 20480k
[    1.580870] Freeing unused kernel image memory: 2008K
[    1.584628] Freeing unused kernel image memory: 1820K
[    1.595112] x86/mm: Checked W+X mappings: passed, no W+X pages found.
Loading, please wait...
starting version 237
[    1.688033] e1000: Intel(R) PRO/1000 Network Driver - version 7.3.21-k8-NAPI
[    1.693586] e1000: Copyright (c) 1999-2006 Intel Corporation.
[    1.701169] Fusion MPT base driver 3.04.20
[    1.704375] Copyright (c) 1999-2008 LSI Corporation
[    1.735090] Fusion MPT SPI Host driver 3.04.20
[    1.740669] SSE version of gcm_enc/dec engaged.
[    1.774164] mptbase: ioc0: Initiating bringup
[    1.886391] ioc0: LSI53C1030 A0: Capabilities={Initiator}
[    1.939341] input: ImExPS/2 Generic Explorer Mouse as /devices/platform/i8042/serio1/input/input4
[    2.144523] scsi host2: ioc0: LSI53C1030 A0, FwRev=00000000h, Ports=1, MaxQ=256, IRQ=20
[    2.316894] scsi 2:0:0:0: Direct-Access     VBOX     HARDDISK         1.0  PQ: 0 ANSI: 5
[    2.325164] scsi target2:0:0: Beginning Domain Validation
[    2.334441] scsi target2:0:0: Domain Validation skipping write tests
[    2.338991] scsi target2:0:0: Ending Domain Validation
[    2.342853] scsi target2:0:0: asynchronous
[    2.348446] scsi 2:0:1:0: Direct-Access     VBOX     HARDDISK         1.0  PQ: 0 ANSI: 5
[    2.354024] scsi target2:0:1: Beginning Domain Validation
[    2.417529] scsi target2:0:1: Domain Validation skipping write tests
[    2.423021] scsi target2:0:1: Ending Domain Validation
[    2.435352] scsi target2:0:1: asynchronous
[    2.558754] sd 2:0:0:0: Attached scsi generic sg0 type 0
[    2.563712] sd 2:0:0:0: [sda] 83886080 512-byte logical blocks: (42.9 GB/40.0 GiB)
[    2.577523] sd 2:0:1:0: Attached scsi generic sg1 type 0
[    2.582529] sd 2:0:1:0: [sdb] 20480 512-byte logical blocks: (10.5 MB/10.0 MiB)
[    2.587821] sd 2:0:0:0: [sda] Write Protect is off
[    2.599327] sd 2:0:1:0: [sdb] Write Protect is off
[    2.603466] sd 2:0:0:0: [sda] Incomplete mode parameter data
[    2.607588] sd 2:0:0:0: [sda] Assuming drive cache: write through
[    2.612110] sd 2:0:1:0: [sdb] Incomplete mode parameter data
[    2.616763] sd 2:0:1:0: [sdb] Assuming drive cache: write through
[    2.639278]  sda: sda1
[    2.643941] sd 2:0:0:0: [sda] Attached SCSI disk
[    2.647828] sd 2:0:1:0: [sdb] Attached SCSI disk
[    3.052645] e1000 0000:00:03.0 eth0: (PCI:33MHz:32-bit) 02:3b:7b:b7:3b:2d
[    3.057822] e1000 0000:00:03.0 eth0: Intel(R) PRO/1000 Network Connection
[    3.648457] e1000 0000:00:08.0 eth1: (PCI:33MHz:32-bit) 08:00:27:6d:c4:47
[    3.654379] e1000 0000:00:08.0 eth1: Intel(R) PRO/1000 Network Connection
[    3.660578] e1000 0000:00:08.0 enp0s8: renamed from eth1
[    3.676243] e1000 0000:00:03.0 enp0s3: renamed from eth0
Begin: Loading essential drivers ... [    5.664131] raid6: sse2x1   gen() 11917 MB/s
[    5.716061] raid6: sse2x1   xor()  7272 MB/s
[    5.769216] raid6: sse2x2   gen() 14935 MB/s
[    5.824054] raid6: sse2x2   xor()  9930 MB/s
[    5.876062] raid6: sse2x4   gen() 16305 MB/s
[    5.928093] raid6: sse2x4   xor()  9786 MB/s
[    5.932081] raid6: using algorithm sse2x4 gen() 16305 MB/s
[    5.936454] raid6: .... xor() 9786 MB/s, rmw enabled
[    5.940528] raid6: using ssse3x2 recovery algorithm
[    5.945854] xor: measuring software checksum speed
[    6.053038]    prefetch64-sse: 59985.000 MB/sec
[    6.160061]    generic_sse: 58008.000 MB/sec
[    6.164111] xor: using function: prefetch64-sse (59985.000 MB/sec)
[    6.170021] async_tx: api initialized (async)
done.
Begin: Running /scripts/init-premount ... done.
Begin: Mounting root file system ... Begin: Running /scripts/local-top ... done.
Begin: Running /scripts/local-premount ... [    6.230821] Btrfs loaded, crc32c=crc32c-intel
Scanning for Btrfs filesystems
done.
Warning: fsck not present, so skipping root file system
[    6.294804] EXT4-fs (sda1): mounted filesystem with ordered data mode. Opts: (null)
done.
Begin: Running /scripts/local-bottom ... done.
Begin: Running /scripts/init-bottom ... done.
[    6.556005] ip_tables: (C) 2000-2006 Netfilter Core Team
[    6.578360] systemd[1]: systemd 237 running in system mode. (+PAM +AUDIT +SELINUX +IMA +APPARMOR +SMACK +SYSVINIT +UTMP +LIBCRYPTSETUP +GCRYPT +GNUTLS +ACL +XZ +LZ4 +SECCOMP +BLKID +ELFUTILS +KMOD -IDN2 +IDN -PCRE2 default-hierarchy=hybrid)
[    6.593285] systemd[1]: Detected virtualization oracle.
[    6.597726] systemd[1]: Detected architecture x86-64.

Welcome to [1mUbuntu 18.04.6 LTS[0m!

[    6.606552] systemd[1]: Set hostname to <ubuntu>.
[    6.618073] systemd[1]: Initializing machine ID from random generator.
[    6.622768] systemd[1]: Installed transient /etc/machine-id file.
[    6.961312] systemd[1]: Created slice User and Session Slice.
[[0;32m  OK  [0m] Created slice User and Session Slice.
[    6.969957] systemd[1]: Reached target User and Group Name Lookups.
[[0;32m  OK  [0m] Reached target User and Group Name Lookups.
[    6.978240] systemd[1]: Set up automount Arbitrary Executable File Formats File System Automount Point.
[[0;32m  OK  [0m] Set up automount Arbitrary Executab…rmats File System Automount Point.
[    6.989633] systemd[1]: Started Forward Password Requests to Wall Directory Watch.
[[0;32m  OK  [0m] Started Forward Password Requests to Wall Directory Watch.
[[0;32m  OK  [0m] Reached target System Time Synchronized.
[[0;32m  OK  [0m] Reached target Swap.
[[0;32m  OK  [0m] Created slice System Slice.
[[0;32m  OK  [0m] Listening on Syslog Socket.
[[0;32m  OK  [0m] Listening on /dev/initctl Compatibility Named Pipe.
[[0;32m  OK  [0m] Listening on LVM2 poll daemon socket.
[[0;32m  OK  [0m] Listening on udev Kernel Socket.
[[0;32m  OK  [0m] Listening on Journal Audit Socket.
[[0;32m  OK  [0m] Listening on fsck to fsckd communication Socket.
[[0;32m  OK  [0m] Listening on Network Service Netlink Socket.
[[0;32m  OK  [0m] Listening on Journal Socket.
         Starting Load Kernel Modules...
         Mounting POSIX Message Queue File System...
         Mounting Kernel Debug File System...
[    7.059043] Loading iSCSI transport class v2.0-870.
         Starting File System Check on Root Device...
         Mounting Huge Pages File System...
[    7.084164] iscsi: registered transport (tcp)
[    7.105781] iscsi: registered transport (iser)
[[0;32m  OK  [0m] Listening on Device-mapper event daemon FIFOs.
[[0;32m  OK  [0m] Created slice system-serial\x2dgetty.slice.
         Starting Create list of required st…ce nodes for the current kernel...
[[0;32m  OK  [0m] Listening on Journal Socket (/dev/log).
         Starting Journal Service...
         Starting Set the console keyboard layout...
         Starting Uncomplicated firewall...
[[0;32m  OK  [0m] Reached target Mounting snaps.
[[0;32m  OK  [0m] Reached target Mounted snaps.
[[0;32m  OK  [0m] Listening on LVM2 metadata daemon socket.
         Starting Monitoring of LVM2 mirrors…ng dmeventd or progress polling...
[[0;32m  OK  [0m] Reached target Slices.
[[0;32m  OK  [0m] Listening on udev Control Socket.
         Starting udev Coldplug all Devices...
[[0;32m  OK  [0m] Started Journal Service.
[[0;32m  OK  [0m] Started Load Kernel Modules.
[[0;32m  OK  [0m] Mounted POSIX Message Queue File System.
[[0;32m  OK  [0m] Mounted Kernel Debug File System.
[[0;32m  OK  [0m] Started File System Check on Root Device.
[[0;32m  OK  [0m] Mounted Huge Pages File System.
[[0;32m  OK  [0m] Started Create list of required sta…vice nodes for the current kernel.
[[0;32m  OK  [0m] Started Uncomplicated firewall.
[[0;32m  OK  [0m] Started LVM2 metadata daemon.
[[0;32m  OK  [0m] Started File System Check Daemon to report status.
         Starting Create Static Device Nodes in /dev...
         Starting Remount Root and Kernel File Systems...
         Mounting FUSE Control File System...
         Mounting Kernel Configuration File System...
         Starting Apply Kernel Variables...
[[0;32m  OK  [0m] Mounted FUSE Control File System.
[[0;32m  OK  [0m] Mounted Kernel Configuration File System.
[[0;32m  OK  [0m] Started Monitoring of LVM2 mirrors,…sing dmeventd or progress polling.
[[0;32m  OK  [0m] Started udev Coldplug all Devices.
[[0;32m  OK  [0m] Started Remount Root and Kernel File Systems.
[[0;32m  OK  [0m] Started Apply Kernel Variables.
         Starting Load/Save Random Seed...
         Starting Flush Journal to Persistent Storage...
[[0;32m  OK  [0m] Started Load/Save Random Seed.
[[0;32m  OK  [0m] Started Create Static Device Nodes in /dev.
         Starting udev Kernel Device Manager...
[[0;32m  OK  [0m] Started Flush Journal to Persistent Storage.
[[0;32m  OK  [0m] Started udev Kernel Device Manager.
[[0;32m  OK  [0m] Found device /dev/ttyS0.
[[0;32m  OK  [0m] Listening on Load/Save RF Kill Switch Status /dev/rfkill Watch.
[[0;32m  OK  [0m] Started Set the console keyboard layout.
         Mounting Arbitrary Executable File Formats File System...
[[0;32m  OK  [0m] Reached target Local File Systems (Pre).
[[0;32m  OK  [0m] Reached target Local File Systems.
         Starting Tell Plymouth To Write Out Runtime Data...
         Starting Commit a transient machine-id on disk...
         Starting AppArmor initialization...
         Starting Create Volatile Files and Directories...
         Starting Set console font and keymap...
         Starting ebtables ruleset management...
[[0;32m  OK  [0m] Started Dispatch Password Requests to Console Directory Watch.
[[0;32m  OK  [0m] Reached target Local Encrypted Volumes.
[[0;32m  OK  [0m] Mounted Arbitrary Executable File Formats File System.
[[0;32m  OK  [0m] Started Tell Plymouth To Write Out Runtime Data.
[[0;32m  OK  [0m] Started Commit a transient machine-id on disk.
[[0;32m  OK  [0m] Started Create Volatile Files and Directories.
         Starting Update UTMP about System Boot/Shutdown...
[[0;32m  OK  [0m] Started Update UTMP about System Boot/Shutdown.
[[0;32m  OK  [0m] Started ebtables ruleset management.
[[0;32m  OK  [0m] Started AppArmor initialization.
         Starting Load AppArmor profiles managed internally by snapd...
         Starting Initial cloud-init job (pre-networking)...
[[0;32m  OK  [0m] Started Load AppArmor profiles managed internally by snapd.
[[0;32m  OK  [0m] Started Set console font and keymap.
[   11.835452] cloud-init[760]: Cloud-init v. 23.1.2-0ubuntu0~18.04.1 running 'init-local' at Sun, 08 Oct 2023 17:18:06 +0000. Up 11.51 seconds.
[[0;32m  OK  [0m] Started Initial cloud-init job (pre-networking).
[[0;32m  OK  [0m] Reached target Network (Pre).
         Starting Network Service...
[[0;32m  OK  [0m] Started Network Service.
         Starting Network Name Resolution...
         Starting Wait for Network to be Configured...
[[0;32m  OK  [0m] Started Network Name Resolution.
[[0;32m  OK  [0m] Reached target Network.
[[0;32m  OK  [0m] Reached target Host and Network Name Lookups.
[[0;32m  OK  [0m] Started Wait for Network to be Configured.
         Starting Initial cloud-init job (metadata service crawler)...
[   14.343417] cloud-init[900]: Cloud-init v. 23.1.2-0ubuntu0~18.04.1 running 'init' at Sun, 08 Oct 2023 17:18:09 +0000. Up 14.22 seconds.
[   14.355765] cloud-init[900]: ci-info: ++++++++++++++++++++++++++++++++++++++Net device info+++++++++++++++++++++++++++++++++++++++
[   14.370375] cloud-init[900]: ci-info: +--------+-------+----------------------------+---------------+--------+-------------------+
[   14.377481] cloud-init[900]: ci-info: | Device |   Up  |          Address           |      Mask     | Scope  |     Hw-Address    |
[   14.388587] cloud-init[900]: ci-info: +--------+-------+----------------------------+---------------+--------+-------------------+
[   14.404839] cloud-init[900]: ci-info: | enp0s3 |  True |         10.0.2.15          | 255.255.255.0 | global | 02:3b:7b:b7:3b:2d |
[   14.416686] cloud-init[900]: ci-info: | enp0s3 |  True | fe80::3b:7bff:feb7:3b2d/64 |       .       |  link  | 02:3b:7b:b7:3b:2d |
[   14.427939] cloud-init[900]: ci-info: | enp0s8 | False |             .              |       .       |   .    | 08:00:27:6d:c4:47 |
[   14.435367] cloud-init[900]: ci-info: |   lo   |  True |         127.0.0.1          |   255.0.0.0   |  host  |         .         |
[   14.442201] cloud-init[900]: ci-info: |   lo   |  True |          ::1/128           |       .       |  host  |         .         |
[   14.449591] cloud-init[900]: ci-info: +--------+-------+----------------------------+---------------+--------+-------------------+
[   14.460399] cloud-init[900]: ci-info: ++++++++++++++++++++++++++++Route IPv4 info+++++++++++++++++++++++++++++
[   14.470204] cloud-init[900]: ci-info: +-------+-------------+----------+-----------------+-----------+-------+
[   14.478233] cloud-init[900]: ci-info: | Route | Destination | Gateway  |     Genmask     | Interface | Flags |
[   14.484243] cloud-init[900]: ci-info: +-------+-------------+----------+-----------------+-----------+-------+
[   14.490126] cloud-init[900]: ci-info: |   0   |   0.0.0.0   | 10.0.2.2 |     0.0.0.0     |   enp0s3  |   UG  |
[   14.497487] cloud-init[900]: ci-info: |   1   |   10.0.2.0  | 0.0.0.0  |  255.255.255.0  |   enp0s3  |   U   |
[   14.503964] cloud-init[900]: ci-info: |   2   |   10.0.2.2  | 0.0.0.0  | 255.255.255.255 |   enp0s3  |   UH  |
[   14.514073] cloud-init[900]: ci-info: +-------+-------------+----------+-----------------+-----------+-------+
[   14.524087] cloud-init[900]: ci-info: +++++++++++++++++++Route IPv6 info+++++++++++++++++++
[   14.532536] cloud-init[900]: ci-info: +-------+-------------+---------+-----------+-------+
[   14.542199] cloud-init[900]: ci-info: | Route | Destination | Gateway | Interface | Flags |
[   14.552229] cloud-init[900]: ci-info: +-------+-------------+---------+-----------+-------+
[   14.559489] cloud-init[900]: ci-info: |   1   |  fe80::/64  |    ::   |   enp0s3  |   U   |
[   14.568522] cloud-init[900]: ci-info: |   3   |    local    |    ::   |   enp0s3  |   U   |
[   14.585091] cloud-init[900]: ci-info: |   4   |   ff00::/8  |    ::   |   enp0s3  |   U   |
[   14.594347] cloud-init[900]: ci-info: +-------+-------------+---------+-----------+-------+
[   15.377766] cloud-init[900]: Generating public/private rsa key pair.
[   15.389005] cloud-init[900]: Your identification has been saved in /etc/ssh/ssh_host_rsa_key.
[   15.396339] cloud-init[900]: Your public key has been saved in /etc/ssh/ssh_host_rsa_key.pub.
[   15.410523] cloud-init[900]: The key fingerprint is:
[   15.414439] cloud-init[900]: SHA256:6Jzw4E8zALV13kxl6RyN7VTcs2mt9dtThYzoc0udBZo root@ubuntu-bionic
[   15.434281] cloud-init[900]: The key's randomart image is:
[   15.438527] cloud-init[900]: +---[RSA 2048]----+
[   15.441926] cloud-init[900]: |    . . . ..o= oo|
[   15.452826] cloud-init[900]: |   . o o + .+ =.o|
[   15.456652] cloud-init[900]: |  . .   . o+ O o=|
[   15.468391] cloud-init[900]: |   .   .  . E ++=|
[   15.471950] [[0;32m  OK  [0m] Started Initial cloud-init job (metadata service crawler).cloud-init[900]: |    + . S.   ..=o|

[[0;32m  OK  [0m] Reached target Cloud-config availability.[   15.485687] cloud-init[900]: |   . B .  o o + o|
[[0;32m  OK  [0m] Reached target Network is Online.

         Starting Availability of block devices...[   15.503773] 
[[0;32m  OK  [0m] Reached target Remote File Systems (Pre).cloud-init[900]: |    . O    + .  +|

[[0;32m  OK  [0m[   15.518471] cloud-init[900]: ] Reached target Remote File Systems.
[[0;32m  OK  [0m] |     o o    .  o.|
[   15.526828] cloud-initReached target System Initialization.
[[0;32m  OK  [0m] Started Daily apt download activities.[900]: |      .         .|

[[0;32m  OK  [0m] Started Daily Cleanup of Temporary Directories.[   15.540553] cloud-init[900]: +----[SHA256]-----+
[   15.543800] 
[[0;32m  OK  [0m] Listening on D-Bus System Message Bus Socket.
[[0;32m  OK  [0mcloud-init[900]: Generating public/private dsa key pair.
[   15.556065] cloud-init[900]: Your identification has been saved in /etc/ssh/ssh_host_dsa_key.
] Listening on UUID daemon activation socket.
[[0;32m  OK  [0m] [   15.564584] cloud-init[900]: Your public key has been saved in /etc/ssh/ssh_host_dsa_key.pub.
Started Daily apt upgrade and clean activities.
[[0;32m  OK  [0m] [   15.572390] cloud-init[900]: The key fingerprint is:
[   15.575599] Started Message of the Day.
[[0;32m  OK  [0m] Listening on Open-iSCSI iscsid Socket.
[cloud-init[900]: SHA256:gG0fnHbXETy3vCTHCdYGp+gDB2I9rmX8HxY6jwA5Ud8 root@ubuntu-bionic[0;32m  OK  [0m
[   15.589361] cloud-init[900]: The key's randomart image is:
] Listening on ACPID Listen Socket.
[[0;32m  OK  [0m[   15.596393] cloud-init[900]: +---[DSA 1024]----+
[   15.599536] ] Started Discard unused blocks once a week.
[[0;32m  OK  [0m] cloud-init[900]: |       ooo   o=o |
[   15.606959] cloud-initListening on cloud-init hotplug hook socket.
[900]:          Starting LXD - unix socket.
|     o.o.+o o+=+.|
[[   15.625995] cloud-init[900]: |    . + X.o+oE*oo|[0;32m  OK  [0m] Started ACPI Events Check.
[[0;32m  OK  [0m] Reached target Paths.
[[0;32m  OK  [0m] Started Ubuntu Advantage Timer for running repeated jobs.
[   15.642175] cloud-init[900]: |     . B B+. o B |
[   15.646772] cloud-init[900]: 
[[0;32m  OK  [0m] Reached target Timers.
|        S .o. = .|
[   15.653704] cloud-init[900]: |       . . +.o . |         Starting Socket activation for snappy daemon.

[   15.660534] cloud-init[900]: |          . * .  |
[[0;32m  OK  [0m] Started Availability of block devices.
[[0;32m  OK  [0m[   15.674362] cloud-init] Listening on LXD - unix socket.
[[0;32m  OK  [0m] [900]: Listening on Socket activation for snappy daemon.
[[0;32m  OK  [0m] |           . o   |
[   15.690029] cloud-init[900]: |                 |Reached target Sockets.
[[0;32m  OK  [0m] 
[   15.698263] cloud-init[900]: +----[SHA256]-----+Reached target Basic System.

         Starting Dispatcher daemon for systemd-networkd...
[[0;32m  OK  [0m] [   15.709165] cloud-init[900]: Generating public/private ecdsa key pair.
[   15.713382] cloud-init[900]: Your identification has been saved in /etc/ssh/ssh_host_ecdsa_key.Reached target Login Prompts (Pre).
         Starting LSB: automatic crash report generation...
[[0;32m  OK  [0m] Started irqbalance daemon.
[[0;32m  OK  [0m] Started Deferred execution scheduler.

         Starting System Logging Service...
[   15.754968] cloud-init[900]: Your public key has been saved in /etc/ssh/ssh_host_ecdsa_key.pub.[[0;32m  OK  [0m] Started Regular background program processing daemon.

[   15.778786] [[0;32m  OK  [0m] Started FUSE filesystem for LXC.
         Starting Accounts Service...cloud-init
[900]:          Starting Login Service...
         Starting Virtualbox guest utils...
         Starting Permit User Sessions...
The key fingerprint is:
[   15.824064] cloud-init[900]: SHA256:dmVmfaoGz68n/9RU0Sku9qY0AzitZ6o6r/oDCcyf2Mc root@ubuntu-bionic
[   15.836330] cloud-init[900]: The key's randomart image is:
[   15.847440] cloud-init[900]: +---[ECDSA 256]---+         Starting Pollinate to seed the pseudo random number generator...

[[0;32m  OK  [0m] Started D-Bus System Message Bus.
[   15.872853] cloud-init[900]: |               .o|
[   15.905683] cloud-init[900]: |             o .o|
[   15.915419] cloud-init[900]: |o       o   * o o|
[   15.930592] cloud-init[900]: |.o     o o B . o.|
[   15.948852] cloud-init[900]: |. = o   S = o . .|
[   15.957069] cloud-init[900]: | + + E o + B + ..|
[   15.974639] cloud-init[900]: |  . .   + . X   o|
[   15.985650] cloud-init[900]: |   o   .   o.... |
         Starting Snap Daemon...
         Starting LSB: Record successful boot for GRUB...
         Starting LXD - container startup/shutdown...
[   16.020336] [[0;32m  OK  [0mcloud-init[900]: | .o+*o.     .=o..|] Started System Logging Service.

[[0;32m  OK  [0m] Started Permit User Sessions.
[   16.044316] cloud-init[900]: +----[SHA256]-----+
[[0;32m  OK  [0m] Started Login Service.[   16.061931] 
[[0;32m  OK  [0m] Started Unattended Upgrades Shutdown.
         Starting Hold until boot process finishes up...cloud-init
[900]: Generating public/private ed25519 key pair.         Starting Terminate Plymouth Boot Screen...

[   16.103797] cloud-init[900]: Your identification has been saved in /etc/ssh/ssh_host_ed25519_key.
[   16.139599] cloud-init[900]: Your public key has been saved in /etc/ssh/ssh_host_ed25519_key.pub.
[   16.159324] cloud-init[900]: The key fingerprint is:
[   16.180704] cloud-init[900]: SHA256:e6rXR5uAjo1GgNVLfTeGgIza94FQUVoo1sRFTwvQXIU root@ubuntu-bionic[[0;32m  OK  [0m] Started Hold until boot process finishes up.

[[0;32m  OK  [0m] Started Terminate Plymouth Boot Screen.
[[0;32m  OK  [0m] Started Serial Getty on ttyS0.
[   16.224814]          Starting Set console scheme...
cloud-init[900]:          Starting Authorization Manager...
The key's randomart image is:[[0;32m  OK  [0m] Started LSB: automatic crash report generation.

[   16.272400] cloud-init[900]: +--[ED25519 256]--+
[   16.288526] cloud-init[900]: |     O=%Boo+.    |
[[0;32m  OK  [0m] Started Authorization Manager.
[[0;32m  OK  [0m] Started Accounts Service.
[   16.322956] cloud-init[900]: |    * Oo++E.+    |[[0;32m  OK  [0m] Started Set console scheme.

[[0;32m  OK  [0m] Created slice system-getty.slice.
[   16.354261] cloud-init[[0;32m  OK  [0m] Started Getty on tty1.
[[0;32m  OK  [0m] Reached target Login Prompts.
[900]: |   * +.o .oo .   |
[   16.388154] cloud-init[900]: |  o o + .        |
[   16.415415] cloud-init[[0;32m  OK  [0m] Started Dispatcher daemon for systemd-networkd.
[900]: |     o .So       |
[   16.443307] cloud-init[900]: |      . o.. .    |
[   16.550055] cloud-init[900]: |     . =...o o   |
[   16.557705] cloud-init[900]: |      + +o. +    |
[   16.563062] cloud-init[900]: |     ..o.  .     |
[   16.568684] cloud-init[900]: +----[SHA256]-----+
[[0;32m  OK  [0m] Started Virtualbox guest utils.
[[0;32m  OK  [0m] Started LSB: Record successful boot for GRUB.
[[0;32m  OK  [0m] Started LXD - container startup/shutdown.
[[0;32m  OK  [0m] Started Snap Daemon.
         Starting Wait until snapd is fully seeded...
[[0;32m  OK  [0m] Started Pollinate to seed the pseudo random number generator.
         Starting OpenBSD Secure Shell server...
[[0;32m  OK  [0m] Started OpenBSD Secure Shell server.
         Starting Time & Date Service...
[[0;32m  OK  [0m] Started Time & Date Service.
[[0;32m  OK  [0m] Created slice User Slice of vagrant.
[[0;32m  OK  [0m] Started Session 1 of user vagrant.
         Starting User Manager for UID 1000...
[[0;32m  OK  [0m] Started User Manager for UID 1000.

Ubuntu 18.04.6 LTS ubuntu-bionic ttyS0

ubuntu-bionic login: [   30.493542] cloud-init[2033]: Cloud-init v. 23.1.2-0ubuntu0~18.04.1 running 'modules:config' at Sun, 08 Oct 2023 17:18:25 +0000. Up 30.07 seconds.
ci-info: no authorized SSH keys fingerprints found for user ubuntu.
<14>Oct  8 17:18:26 cloud-init: #############################################################
<14>Oct  8 17:18:26 cloud-init: -----BEGIN SSH HOST KEY FINGERPRINTS-----
<14>Oct  8 17:18:26 cloud-init: 1024 SHA256:gG0fnHbXETy3vCTHCdYGp+gDB2I9rmX8HxY6jwA5Ud8 root@ubuntu-bionic (DSA)
<14>Oct  8 17:18:26 cloud-init: 256 SHA256:dmVmfaoGz68n/9RU0Sku9qY0AzitZ6o6r/oDCcyf2Mc root@ubuntu-bionic (ECDSA)
<14>Oct  8 17:18:26 cloud-init: 256 SHA256:e6rXR5uAjo1GgNVLfTeGgIza94FQUVoo1sRFTwvQXIU root@ubuntu-bionic (ED25519)
<14>Oct  8 17:18:26 cloud-init: 2048 SHA256:6Jzw4E8zALV13kxl6RyN7VTcs2mt9dtThYzoc0udBZo root@ubuntu-bionic (RSA)
<14>Oct  8 17:18:26 cloud-init: -----END SSH HOST KEY FINGERPRINTS-----
<14>Oct  8 17:18:26 cloud-init: #############################################################
-----BEGIN SSH HOST KEY KEYS-----
ecdsa-sha2-nistp256 AAAAE2VjZHNhLXNoYTItbmlzdHAyNTYAAAAIbmlzdHAyNTYAAABBBCfrfTT39wQ/VyBlBeLm71Y/Ekb5HlpSUNhGiyWUZ9uRHNDS+3/uJxNZJtdafR84aMhhyFf2YNSOl+IMm+2ARoM= root@ubuntu-bionic
ssh-ed25519 AAAAC3NzaC1lZDI1NTE5AAAAIExPivWeor3sQFgQH92fSVdZSvjNMUtq4psXyrlLt4mE root@ubuntu-bionic
ssh-rsa AAAAB3NzaC1yc2EAAAADAQABAAABAQDWoYzPRBLPk+/ie+rxO9JHp9fZMImuKQayLqEEOuzPOx9cveoVJBEPIzg7S6VW/wJgvtqt57C3GV/7DUxBbJC9tp3sOj2cBGsOASr/FBFBcfk1SSj1SuZYdhrDHwtWC3NDFgbKPhKJozR0GORJnmN4w6WAjeaOlJaNCcXKpdcaVXVmId2wsYH4vEScIk/PNPfJN5ae2OLqxT51NTp6dU8vyPBVk8qDU3c9DJnjVPR3RRNs40F45N1drzMK1LxgvefTnWtcfmbzdVTCU9/OVgYdH001pZt55nD1aVm4VfT/NzEPiL2kj4invG7aaucUyA+9TMDpIbqEM6T76T4LateL root@ubuntu-bionic
-----END SSH HOST KEY KEYS-----
[   31.320160] cloud-init[2121]: Cloud-init v. 23.1.2-0ubuntu0~18.04.1 running 'modules:final' at Sun, 08 Oct 2023 17:18:26 +0000. Up 31.10 seconds.
[   31.331286] cloud-init[2121]: Cloud-init v. 23.1.2-0ubuntu0~18.04.1 finished at Sun, 08 Oct 2023 17:18:26 +0000. Datasource DataSourceNoCloud [seed=/dev/sdb][dsmode=net].  Up 31.31 seconds
